[debug] [2020-02-16T19:33:38.607Z] ----------------------------------------------------------------------
[debug] [2020-02-16T19:33:38.650Z] Command:       /usr/local/bin/node /usr/local/bin/firebase deploy
[debug] [2020-02-16T19:33:38.660Z] CLI Version:   7.4.0
[debug] [2020-02-16T19:33:38.660Z] Platform:      darwin
[debug] [2020-02-16T19:33:38.660Z] Node Version:  v12.6.0
[debug] [2020-02-16T19:33:38.782Z] Time:          Sun Feb 16 2020 14:33:38 GMT-0500 (GMT-05:00)
[debug] [2020-02-16T19:33:38.782Z] ----------------------------------------------------------------------
[debug] 
[debug] [2020-02-16T19:33:38.822Z] > command requires scopes: ["email","openid","https://www.googleapis.com/auth/cloudplatformprojects.readonly","https://www.googleapis.com/auth/firebase","https://www.googleapis.com/auth/cloud-platform"]
[debug] [2020-02-16T19:33:38.822Z] > authorizing via signed-in user
[debug] [2020-02-16T19:33:38.823Z] [iam] checking project hey-solve for permissions ["cloudfunctions.functions.create","cloudfunctions.functions.delete","cloudfunctions.functions.get","cloudfunctions.functions.list","cloudfunctions.functions.update","cloudfunctions.operations.get","firebase.projects.get","firebasedatabase.instances.update","firebasehosting.sites.update"]
[debug] [2020-02-16T19:33:38.825Z] >>> HTTP REQUEST POST https://cloudresourcemanager.googleapis.com/v1/projects/hey-solve:testIamPermissions  

[debug] [2020-02-16T19:33:39.398Z] <<< HTTP RESPONSE 200
[debug] [2020-02-16T19:33:39.400Z] >>> HTTP REQUEST GET https://firebase.googleapis.com/v1beta1/projects/hey-solve  
 
[debug] [2020-02-16T19:33:39.910Z] <<< HTTP RESPONSE 200
[info] 
[info] === Deploying to 'hey-solve'...
[info] 
[info] i  deploying database, functions, hosting
[info] Running command: npm --prefix "$RESOURCE_DIR" run lint
[info] Running command: npm --prefix "$RESOURCE_DIR" run build
[info] ✔  functions: Finished running predeploy script.
[info] i  database: checking rules syntax...
[debug] [2020-02-16T19:33:52.579Z] >>> HTTP REQUEST PUT https://hey-solve.firebaseio.com/.settings/rules.json?dryRun=true  
 {
  /* Visit https://firebase.google.com/docs/database/security to learn more about security rules. */
  "rules": {
    ".read": false,
    ".write": false
  }
}
[debug] [2020-02-16T19:33:53.422Z] <<< HTTP RESPONSE 200
[info] ✔  database: rules syntax for database hey-solve is valid
[debug] [2020-02-16T19:33:53.425Z] > [functions] package.json contents: {
  "name": "functions",
  "scripts": {
    "lint": "tslint --project tsconfig.json",
    "build": "tsc",
    "serve": "npm run build && firebase serve --only functions",
    "shell": "npm run build && firebase functions:shell",
    "start": "npm run shell",
    "deploy": "firebase deploy --only functions",
    "logs": "firebase functions:log"
  },
  "engines": {
    "node": "8"
  },
  "main": "lib/index.js",
  "dependencies": {
    "firebase-admin": "^8.0.0",
    "firebase-functions": "^3.1.0"
  },
  "devDependencies": {
    "tslint": "^5.12.0",
    "typescript": "^3.2.2"
  },
  "private": true
}
[info] i  functions: ensuring necessary APIs are enabled...
[debug] [2020-02-16T19:33:53.426Z] >>> HTTP REQUEST GET https://serviceusage.googleapis.com/v1/projects/hey-solve/services/cloudfunctions.googleapis.com  
 
[debug] [2020-02-16T19:33:53.427Z] >>> HTTP REQUEST GET https://serviceusage.googleapis.com/v1/projects/hey-solve/services/runtimeconfig.googleapis.com  
 
[debug] [2020-02-16T19:33:54.038Z] <<< HTTP RESPONSE 200
[debug] [2020-02-16T19:33:54.133Z] <<< HTTP RESPONSE 200
[info] ✔  functions: all necessary APIs are enabled
[debug] [2020-02-16T19:33:54.134Z] >>> HTTP REQUEST GET https://firebase.googleapis.com/v1beta1/projects/hey-solve/adminSdkConfig  
 
[debug] [2020-02-16T19:33:54.532Z] <<< HTTP RESPONSE 200
[debug] [2020-02-16T19:33:54.534Z] >>> HTTP REQUEST POST https://firebasehosting.googleapis.com/v1beta1/sites/hey-solve/versions  

[debug] [2020-02-16T19:33:55.829Z] <<< HTTP RESPONSE 200
[info] i  functions: preparing functions directory for uploading...
[debug] [2020-02-16T19:33:55.835Z] >>> HTTP REQUEST GET https://runtimeconfig.googleapis.com/v1beta1/projects/hey-solve/configs  
 
[debug] [2020-02-16T19:33:56.290Z] <<< HTTP RESPONSE 200
[info] i  functions: packaged functions (34.34 KB) for uploading
[debug] [2020-02-16T19:33:56.887Z] >>> HTTP REQUEST POST https://cloudfunctions.googleapis.com/v1/projects/hey-solve/locations/us-central1/functions:generateUploadUrl  
 
[debug] [2020-02-16T19:33:58.133Z] <<< HTTP RESPONSE 200
[debug] [2020-02-16T19:33:58.134Z] >>> HTTP REQUEST PUT https://storage.googleapis.com/gcf-upload-us-central1-7a2b49a5-a5bc-4771-8800-447c415e4867/f3a75bca-820d-4d84-b682-50de3e59e84f.zip?GoogleAccessId=service-847108346917@gcf-admin-robot.iam.gserviceaccount.com&Expires=1581883437&Signature=XbkBO3sLRbbXoaGU1um9oWIXico%2B5ITuA1tw2ryH%2B9eGB3LRXGLuI7MutFUqfOM7g88vtWnq%2FW2O01qzGp%2B0RmSCJpjw96%2B80UzJbpbLJqTXjX5eBxsvFKUErwz31PXr5cMqZdl41XMmGG7x3k68Ob1jGmdO8Km9jgbXhytX5TKBOJyRA42TD9ZxMJqYme7CSO9Ngi7Ma01B433C%2B0aW7H9dUX%2BdQYedl%2BbtopPnccvRBmmdUlAzwktim0vQtGd9H2SNy5FuDwqqF%2Fi5RwBUuI5jKW29NmrhL%2FccPjoXnSz%2B%2FuBVqEBezRKZq%2B7B1LUwV1krQ4atbLgdmaRVaoVnSg%3D%3D  
 <request body omitted>
[debug] [2020-02-16T19:33:58.767Z] <<< HTTP RESPONSE 200
[info] ✔  functions: functions folder uploaded successfully
[info] i  hosting[hey-solve]: beginning deploy...
[info] i  hosting[hey-solve]: found 49 files in build
[debug] [2020-02-16T19:33:58.787Z] [hosting] hash cache [YnVpbGQ] load error: lines is not defined
[debug] [2020-02-16T19:33:59.151Z] [hosting] hash cache [YnVpbGQ] stored for 49 files
[debug] [2020-02-16T19:33:59.152Z] [hosting][hash queue][FINAL]
[debug] [2020-02-16T19:33:59.152Z] >>> HTTP REQUEST POST https://firebasehosting.googleapis.com/v1beta1/sites/hey-solve/versions/59749bc669e3cd12:populateFiles  
 <request body omitted>
[debug] [2020-02-16T19:33:59.831Z] <<< HTTP RESPONSE 200
[debug] [2020-02-16T19:33:59.833Z] [hosting][populate queue][FINAL]
[debug] [2020-02-16T19:33:59.833Z] [hosting] uploads queued: 4
[debug] [2020-02-16T19:34:01.286Z] [hosting][upload queue][FINAL]
[info] ✔  hosting[hey-solve]: file upload complete
[debug] [2020-02-16T19:34:01.287Z] [hosting] deploy completed after 2519ms
[info] i  database: releasing rules...
[debug] [2020-02-16T19:34:01.676Z] >>> HTTP REQUEST PUT https://hey-solve.firebaseio.com/.settings/rules.json  
 {
  /* Visit https://firebase.google.com/docs/database/security to learn more about security rules. */
  "rules": {
    ".read": false,
    ".write": false
  }
}
[debug] [2020-02-16T19:34:02.432Z] <<< HTTP RESPONSE 200
[info] ✔  database: rules for database hey-solve released successfully
[debug] [2020-02-16T19:34:02.435Z] >>> HTTP REQUEST GET https://cloudfunctions.googleapis.com/v1/projects/hey-solve/locations/-/functions  
 
[debug] [2020-02-16T19:34:03.459Z] <<< HTTP RESPONSE 200
[info] i  functions: updating Node.js 8 function GetTechnicians(us-central1)...
[debug] [2020-02-16T19:34:03.463Z] Trigger is:  {"httpsTrigger":{}}
[info] i  functions: updating Node.js 8 function CreateUser(us-central1)...
[debug] [2020-02-16T19:34:03.463Z] Trigger is:  {"httpsTrigger":{}}
[debug] [2020-02-16T19:34:03.464Z] >>> HTTP REQUEST GET https://serviceusage.googleapis.com/v1/projects/hey-solve/services/cloudscheduler.googleapis.com  
 
[debug] [2020-02-16T19:34:04.278Z] <<< HTTP RESPONSE 200
[debug] [2020-02-16T19:34:04.280Z] >>> HTTP REQUEST PATCH https://cloudfunctions.googleapis.com/v1/projects/hey-solve/locations/us-central1/functions/GetTechnicians {"updateMask":"sourceUploadUrl,name,labels,runtime,httpsTrigger"} 

[debug] [2020-02-16T19:34:04.283Z] >>> HTTP REQUEST PATCH https://cloudfunctions.googleapis.com/v1/projects/hey-solve/locations/us-central1/functions/CreateUser {"updateMask":"sourceUploadUrl,name,labels,runtime,httpsTrigger"} 

[debug] [2020-02-16T19:34:04.891Z] <<< HTTP RESPONSE 200
[debug] [2020-02-16T19:34:04.911Z] <<< HTTP RESPONSE 200
[debug] [2020-02-16T19:34:04.912Z] >>> HTTP REQUEST GET https://cloudfunctions.googleapis.com/v1/projects/hey-solve/locations/-/functions  
 
[debug] [2020-02-16T19:34:05.711Z] <<< HTTP RESPONSE 200
[debug] [2020-02-16T19:34:05.713Z] >>> HTTP REQUEST GET https://cloudfunctions.googleapis.com/v1/operations/aGV5LXNvbHZlL3VzLWNlbnRyYWwxL0dldFRlY2huaWNpYW5zL20zaF9SeVBkcVdV  
 
[debug] [2020-02-16T19:34:05.713Z] >>> HTTP REQUEST GET https://cloudfunctions.googleapis.com/v1/operations/aGV5LXNvbHZlL3VzLWNlbnRyYWwxL0NyZWF0ZVVzZXIvaGhUbmw4T3Yzbzg  
 
[debug] [2020-02-16T19:34:06.325Z] <<< HTTP RESPONSE 200
[debug] [2020-02-16T19:34:06.327Z] <<< HTTP RESPONSE 200
[debug] [2020-02-16T19:34:08.329Z] >>> HTTP REQUEST GET https://cloudfunctions.googleapis.com/v1/operations/aGV5LXNvbHZlL3VzLWNlbnRyYWwxL0dldFRlY2huaWNpYW5zL20zaF9SeVBkcVdV  
 
[debug] [2020-02-16T19:34:08.330Z] >>> HTTP REQUEST GET https://cloudfunctions.googleapis.com/v1/operations/aGV5LXNvbHZlL3VzLWNlbnRyYWwxL0NyZWF0ZVVzZXIvaGhUbmw4T3Yzbzg  
 
[debug] [2020-02-16T19:34:08.888Z] <<< HTTP RESPONSE 200
[debug] [2020-02-16T19:34:09.015Z] <<< HTTP RESPONSE 200
